<?xml version="1.0" encoding="UTF-8"?>
<!-- Generated by org.testng.reporters.JUnitReportReporter -->
<testsuite hostname="DESKTOP-MKPIH1B" failures="0" tests="2" name="TestRunner.testtc1" time="0.010" errors="0" timestamp="2022-09-10T21:38:07 IST" skipped="0">
  <testcase classname="TestRunner.testtc1" name="tc1" time="0.008"/>
  <system-out/>
  <testcase classname="TestRunner.testtc1" name="tc2" time="0.002"/>
  <system-out/>
</testsuite> <!-- TestRunner.testtc1 -->
